c:\users\user\desktop\pbr engine\bounce renderer launcher\bin\debug-windows-x64\bounce\bounce.lib
c:\users\user\desktop\pbr engine\bounce renderer launcher\bin\debug-windows-x64\bounce\bounce.exp
c:\users\user\desktop\pbr engine\bounce renderer launcher\bin-intermediate\debug-windows-x64\bounce\vc142.pdb
c:\users\user\desktop\pbr engine\bounce renderer launcher\bin-intermediate\debug-windows-x64\bounce\vc142.idb
c:\users\user\desktop\pbr engine\bounce renderer launcher\bin-intermediate\debug-windows-x64\bounce\bouncecore.obj
c:\users\user\desktop\pbr engine\bounce renderer launcher\bin-intermediate\debug-windows-x64\bounce\bouncelauncher.obj
c:\users\user\desktop\pbr engine\bounce renderer launcher\bin-intermediate\debug-windows-x64\bounce\logger.obj
c:\users\user\desktop\pbr engine\bounce renderer launcher\bin\debug-windows-x64\bounce\bounce.dll
c:\users\user\desktop\pbr engine\bounce renderer launcher\bin\debug-windows-x64\bounce\bounce.ilk
c:\users\user\desktop\pbr engine\bounce renderer launcher\bin\debug-windows-x64\bounce\bounce.pdb
c:\users\user\desktop\pbr engine\bounce renderer launcher\bin-intermediate\debug-windows-x64\bounce\bounce.tlog\bounce.write.1u.tlog
c:\users\user\desktop\pbr engine\bounce renderer launcher\bin-intermediate\debug-windows-x64\bounce\bounce.tlog\cl.command.1.tlog
c:\users\user\desktop\pbr engine\bounce renderer launcher\bin-intermediate\debug-windows-x64\bounce\bounce.tlog\cl.read.1.tlog
c:\users\user\desktop\pbr engine\bounce renderer launcher\bin-intermediate\debug-windows-x64\bounce\bounce.tlog\cl.write.1.tlog
c:\users\user\desktop\pbr engine\bounce renderer launcher\bin-intermediate\debug-windows-x64\bounce\bounce.tlog\link.13300-cvtres.read.1.tlog
c:\users\user\desktop\pbr engine\bounce renderer launcher\bin-intermediate\debug-windows-x64\bounce\bounce.tlog\link.13300-cvtres.write.1.tlog
c:\users\user\desktop\pbr engine\bounce renderer launcher\bin-intermediate\debug-windows-x64\bounce\bounce.tlog\link.13300-rc.read.1.tlog
c:\users\user\desktop\pbr engine\bounce renderer launcher\bin-intermediate\debug-windows-x64\bounce\bounce.tlog\link.13300-rc.write.1.tlog
c:\users\user\desktop\pbr engine\bounce renderer launcher\bin-intermediate\debug-windows-x64\bounce\bounce.tlog\link.13300.delete.1.tlog
c:\users\user\desktop\pbr engine\bounce renderer launcher\bin-intermediate\debug-windows-x64\bounce\bounce.tlog\link.13300.read.1.tlog
c:\users\user\desktop\pbr engine\bounce renderer launcher\bin-intermediate\debug-windows-x64\bounce\bounce.tlog\link.13300.write.1.tlog
c:\users\user\desktop\pbr engine\bounce renderer launcher\bin-intermediate\debug-windows-x64\bounce\bounce.tlog\link.29120.delete.1.tlog
c:\users\user\desktop\pbr engine\bounce renderer launcher\bin-intermediate\debug-windows-x64\bounce\bounce.tlog\link.command.1.tlog
c:\users\user\desktop\pbr engine\bounce renderer launcher\bin-intermediate\debug-windows-x64\bounce\bounce.tlog\link.read.1.tlog
c:\users\user\desktop\pbr engine\bounce renderer launcher\bin-intermediate\debug-windows-x64\bounce\bounce.tlog\link.write.1.tlog
